<?xml version="1.0" encoding="UTF-8"?>
<!-- Generated by org.testng.reporters.JUnitReportReporter -->
<testsuite hostname="DESKTOP-3GQUVPH" failures="0" tests="1" name="com.eNetBanking.testCases.TC_LoginTest_001" time="5.564" errors="0" timestamp="2021-02-04T23:16:22 IST" skipped="0">
  <testcase classname="com.eNetBanking.testCases.TC_LoginTest_001" name="loginTest" time="5.564"/>
  <system-out/>
</testsuite> <!-- com.eNetBanking.testCases.TC_LoginTest_001 -->
